c:\users\kyklowood\desktop\katamari cascade\mysuper3dapp\x64\debug\vc143.pdb
c:\users\kyklowood\desktop\katamari cascade\mysuper3dapp\x64\debug\vc143.idb
c:\users\kyklowood\desktop\katamari try\mysuper3dapp\x64\debug\vc143.pdb
c:\users\kyklowood\desktop\katamari try\mysuper3dapp\x64\debug\vc143.idb
c:\users\kyklowood\desktop\katamari try\mysuper3dapp\x64\debug\transformcomponent.obj
c:\users\kyklowood\desktop\katamari try\mysuper3dapp\x64\debug\simplemath.obj
c:\users\kyklowood\desktop\katamari try\mysuper3dapp\x64\debug\rendersystem.obj
c:\users\kyklowood\desktop\katamari try\mysuper3dapp\x64\debug\rendershadowscomponent.obj
c:\users\kyklowood\desktop\katamari try\mysuper3dapp\x64\debug\rendershadows.obj
c:\users\kyklowood\desktop\katamari try\mysuper3dapp\x64\debug\rendercomponent.obj
c:\users\kyklowood\desktop\katamari try\mysuper3dapp\x64\debug\mysuper3dapp.obj
c:\users\kyklowood\desktop\katamari try\mysuper3dapp\x64\debug\modelcomponent.obj
c:\users\kyklowood\desktop\katamari try\mysuper3dapp\x64\debug\directionallightcomponent.obj
c:\users\kyklowood\desktop\katamari try\mysuper3dapp\x64\debug\katamaridamacygame.obj
c:\users\kyklowood\desktop\katamari try\mysuper3dapp\x64\debug\katamaricontrollercomponent.obj
c:\users\kyklowood\desktop\katamari try\mysuper3dapp\x64\debug\inputdevice.obj
c:\users\kyklowood\desktop\katamari try\mysuper3dapp\x64\debug\gameobject.obj
c:\users\kyklowood\desktop\katamari try\mysuper3dapp\x64\debug\game.obj
c:\users\kyklowood\desktop\katamari try\mysuper3dapp\x64\debug\displaywin32.obj
c:\users\kyklowood\desktop\katamari try\mysuper3dapp\x64\debug\delegates.obj
c:\users\kyklowood\desktop\katamari try\mysuper3dapp\x64\debug\component.obj
c:\users\kyklowood\desktop\katamari try\mysuper3dapp\x64\debug\cameracontrollercomponent.obj
c:\users\kyklowood\desktop\katamari try\mysuper3dapp\x64\debug\cameracomponent.obj
c:\users\kyklowood\desktop\katamari try\mysuper3dapp\x64\debug\pointlightcomponent.obj
c:\users\kyklowood\desktop\katamari def\mysuper3dapp\x64\debug\vc143.pdb
c:\users\kyklowood\desktop\katamari def\mysuper3dapp\x64\debug\vc143.idb
c:\users\kyklowood\desktop\katamari def\mysuper3dapp\x64\debug\transformcomponent.obj
c:\users\kyklowood\desktop\katamari def\mysuper3dapp\x64\debug\simplemath.obj
c:\users\kyklowood\desktop\katamari def\mysuper3dapp\x64\debug\rendersystem.obj
c:\users\kyklowood\desktop\katamari def\mysuper3dapp\x64\debug\rendershadowscomponent.obj
c:\users\kyklowood\desktop\katamari def\mysuper3dapp\x64\debug\rendershadows.obj
c:\users\kyklowood\desktop\katamari def\mysuper3dapp\x64\debug\rendercomponent.obj
c:\users\kyklowood\desktop\katamari def\mysuper3dapp\x64\debug\pointlightcomponent.obj
c:\users\kyklowood\desktop\katamari def\mysuper3dapp\x64\debug\mysuper3dapp.obj
c:\users\kyklowood\desktop\katamari def\mysuper3dapp\x64\debug\modelcomponent.obj
c:\users\kyklowood\desktop\katamari def\mysuper3dapp\x64\debug\directionallightcomponent.obj
c:\users\kyklowood\desktop\katamari def\mysuper3dapp\x64\debug\katamaridamacygame.obj
c:\users\kyklowood\desktop\katamari def\mysuper3dapp\x64\debug\katamaricontrollercomponent.obj
c:\users\kyklowood\desktop\katamari def\mysuper3dapp\x64\debug\inputdevice.obj
c:\users\kyklowood\desktop\katamari def\mysuper3dapp\x64\debug\gameobject.obj
c:\users\kyklowood\desktop\katamari def\mysuper3dapp\x64\debug\game.obj
c:\users\kyklowood\desktop\katamari def\mysuper3dapp\x64\debug\displaywin32.obj
c:\users\kyklowood\desktop\katamari def\mysuper3dapp\x64\debug\delegates.obj
c:\users\kyklowood\desktop\katamari def\mysuper3dapp\x64\debug\component.obj
c:\users\kyklowood\desktop\katamari def\mysuper3dapp\x64\debug\cameracontrollercomponent.obj
c:\users\kyklowood\desktop\katamari def\mysuper3dapp\x64\debug\cameracomponent.obj
c:\users\kyklowood\desktop\katamari def\mysuper3dapp\x64\debug\gbuffer.obj
c:\users\kyklowood\desktop\katamari part\mysuper3dapp\x64\debug\vc143.pdb
c:\users\kyklowood\desktop\katamari part\mysuper3dapp\x64\debug\vc143.idb
c:\users\kyklowood\desktop\katamari part\mysuper3dapp\x64\debug\rendersystem.obj
c:\users\kyklowood\desktop\katamari part\mysuper3dapp\x64\debug\rendercomponent.obj
c:\users\kyklowood\desktop\katamari part\mysuper3dapp\x64\debug\pointlightcomponent.obj
c:\users\kyklowood\desktop\katamari part\mysuper3dapp\x64\debug\modelcomponent.obj
c:\users\kyklowood\desktop\katamari part\mysuper3dapp\x64\debug\katamaridamacygame.obj
c:\users\kyklowood\desktop\katamari part\mysuper3dapp\x64\debug\gameobject.obj
c:\users\kyklowood\desktop\katamari part\mysuper3dapp\x64\debug\game.obj
c:\users\kyklowood\desktop\katamari part\mysuper3dapp\x64\debug\simplemath.obj
c:\users\kyklowood\desktop\katamari part\mysuper3dapp\x64\debug\rendershadowscomponent.obj
c:\users\kyklowood\desktop\katamari part\mysuper3dapp\x64\debug\rendershadows.obj
c:\users\kyklowood\desktop\katamari part\mysuper3dapp\x64\debug\mysuper3dapp.obj
c:\users\kyklowood\desktop\katamari part\mysuper3dapp\x64\debug\directionallightcomponent.obj
c:\users\kyklowood\desktop\katamari part\mysuper3dapp\x64\debug\katamaricontrollercomponent.obj
c:\users\kyklowood\desktop\katamari part\mysuper3dapp\x64\debug\inputdevice.obj
c:\users\kyklowood\desktop\katamari part\mysuper3dapp\x64\debug\gbuffer.obj
c:\users\kyklowood\desktop\katamari part\mysuper3dapp\x64\debug\displaywin32.obj
c:\users\kyklowood\desktop\katamari part\mysuper3dapp\x64\debug\delegates.obj
c:\users\kyklowood\desktop\katamari part\mysuper3dapp\x64\debug\component.obj
c:\users\kyklowood\desktop\katamari part\mysuper3dapp\x64\debug\cameracontrollercomponent.obj
c:\users\kyklowood\desktop\katamari part\mysuper3dapp\x64\debug\cameracomponent.obj
c:\users\kyklowood\desktop\katamari part\mysuper3dapp\x64\debug\transformcomponent.obj
c:\users\kyklowood\desktop\katamari part\mysuper3dapp\x64\debug\particlesystem.obj
c:\users\kyklowood\desktop\katamari cascade\x64\debug\myveryfirstshader.cso
c:\users\kyklowood\desktop\katamari try\x64\debug\myveryfirstshader.cso
c:\users\kyklowood\desktop\katamari try\x64\debug\mysuper3dapp.exe
c:\users\kyklowood\desktop\katamari try\mysuper3dapp\x64\debug\mysuper3dapp.ilk
c:\users\kyklowood\desktop\katamari try\x64\debug\mysuper3dapp.pdb
c:\users\kyklowood\desktop\katamari def\x64\debug\mysuper3dapp.exe
c:\users\kyklowood\desktop\katamari def\mysuper3dapp\x64\debug\mysuper3dapp.ilk
c:\users\kyklowood\desktop\katamari def\x64\debug\mysuper3dapp.pdb
c:\users\kyklowood\desktop\katamari part\x64\debug\mysuper3dapp.exe
c:\users\kyklowood\desktop\katamari part\mysuper3dapp\x64\debug\mysuper3dapp.ilk
c:\users\kyklowood\desktop\katamari part\x64\debug\mysuper3dapp.pdb
c:\users\kyklowood\desktop\katamari part\mysuper3dapp\x64\debug\particlerendercomponent.obj
c:\users\kyklowood\desktop\katamari part\mysuper3dapp\x64\debug\particlesystemex.obj
c:\users\kyklowood\desktop\katamari part\mysuper3dapp\x64\debug\mysuper3dapp.tlog\cl.command.1.tlog
c:\users\kyklowood\desktop\katamari part\mysuper3dapp\x64\debug\mysuper3dapp.tlog\cl.read.1.tlog
c:\users\kyklowood\desktop\katamari part\mysuper3dapp\x64\debug\mysuper3dapp.tlog\cl.write.1.tlog
c:\users\kyklowood\desktop\katamari part\mysuper3dapp\x64\debug\mysuper3dapp.tlog\fxc.command.1.tlog
c:\users\kyklowood\desktop\katamari part\mysuper3dapp\x64\debug\mysuper3dapp.tlog\fxc.read.1.tlog
c:\users\kyklowood\desktop\katamari part\mysuper3dapp\x64\debug\mysuper3dapp.tlog\fxc.write.1.tlog
c:\users\kyklowood\desktop\katamari part\mysuper3dapp\x64\debug\mysuper3dapp.tlog\link.command.1.tlog
c:\users\kyklowood\desktop\katamari part\mysuper3dapp\x64\debug\mysuper3dapp.tlog\link.read.1.tlog
c:\users\kyklowood\desktop\katamari part\mysuper3dapp\x64\debug\mysuper3dapp.tlog\link.write.1.tlog
